<?xml version="1.0" encoding="UTF-8"?>
<!-- Generated by org.testng.reporters.JUnitXMLReporter -->
<testsuite hostname="SAGITEC-0606" ignored="2" name="Test" tests="2" failures="0" timestamp="18 Dec 2018 09:48:15 GMT" time="15.24" errors="0">
  <testcase name="login" time="6.217" classname="script.Login"/>
  <testcase name="glAccountMap" time="1.228" classname="script.GlAccountMappingLookup"/>
  <testcase name="@AfterTest closeApplication" time="0.0" classname="generic.BaseTest">
    <ignored/>
  </testcase> <!-- @AfterTest closeApplication -->
  <testcase name="@BeforeTest openApplication" time="0.0" classname="generic.BaseTest">
    <ignored/>
  </testcase> <!-- @BeforeTest openApplication -->
</testsuite> <!-- Test -->
