<?xml version="1.0" encoding="UTF-8"?>
<!-- Generated by org.testng.reporters.JUnitXMLReporter -->
<testsuite hostname="SAGITEC-0606" ignored="2" name="Test" tests="3" failures="0" timestamp="14 Dec 2018 05:56:00 GMT" time="13.266" errors="0">
  <testcase name="login" time="6.174" classname="script.Login"/>
  <testcase name="menubar" time="0.105" classname="script.GlAccountMappingLookup"/>
  <testcase name="glAccountMap" time="0.928" classname="script.GlAccountMappingLookup"/>
  <testcase name="@AfterTest closeApplication" time="0.0" classname="generic.BaseTest">
    <ignored/>
  </testcase> <!-- @AfterTest closeApplication -->
  <testcase name="@BeforeTest openApplication" time="0.0" classname="generic.BaseTest">
    <ignored/>
  </testcase> <!-- @BeforeTest openApplication -->
</testsuite> <!-- Test -->
